<?xml version="1.1" encoding="UTF-8"?>
<testsuite name="AppTest" tests="1" failures="0" errors="0" timestamp="2013-08-07T06:43:40" hostname="JFrog" time="0.001">
  <properties/>
  <testcase name="testApp" classname="AppTest" time="0.001"/>
  <system-out><![CDATA[]]></system-out>
  <system-err><![CDATA[]]></system-err>
</testsuite>
